Fold 0
Model 0 best validation auc = 0.767589 on epoch 29
Model 0 provided with no test set, no metric evaluation will be performed.
Ensemble test auc = nan
Fold 1
Model 0 best validation auc = 0.760965 on epoch 10
Model 0 provided with no test set, no metric evaluation will be performed.
Ensemble test auc = nan
Fold 2
Model 0 best validation auc = 0.817942 on epoch 11
Model 0 provided with no test set, no metric evaluation will be performed.
Ensemble test auc = nan
Fold 3
Model 0 best validation auc = 0.760165 on epoch 15
Model 0 provided with no test set, no metric evaluation will be performed.
Ensemble test auc = nan
Fold 4
Model 0 best validation auc = 0.822203 on epoch 9
Model 0 provided with no test set, no metric evaluation will be performed.
Ensemble test auc = nan
Fold 5
Model 0 best validation auc = 0.868797 on epoch 15
Model 0 provided with no test set, no metric evaluation will be performed.
Ensemble test auc = nan
Fold 6
Model 0 best validation auc = 0.737267 on epoch 26
Model 0 provided with no test set, no metric evaluation will be performed.
Ensemble test auc = nan
Fold 7
Model 0 best validation auc = 0.818182 on epoch 11
Model 0 provided with no test set, no metric evaluation will be performed.
Ensemble test auc = nan
Fold 8
Model 0 best validation auc = 0.821368 on epoch 20
Model 0 provided with no test set, no metric evaluation will be performed.
Ensemble test auc = nan
Fold 9
Model 0 best validation auc = 0.830592 on epoch 28
Model 0 provided with no test set, no metric evaluation will be performed.
Ensemble test auc = nan
10-fold cross validation
	Seed 0 ==> test auc = nan
	Seed 1 ==> test auc = nan
	Seed 2 ==> test auc = nan
	Seed 3 ==> test auc = nan
	Seed 4 ==> test auc = nan
	Seed 5 ==> test auc = nan
	Seed 6 ==> test auc = nan
	Seed 7 ==> test auc = nan
	Seed 8 ==> test auc = nan
	Seed 9 ==> test auc = nan
Overall test auc = nan +/- nan
Elapsed time = 0:11:48
