Fold 0
Test auc = 0.7741879551496937
Test prc-auc = 0.47329844427249523
Fold 1
Test auc = 0.7541972454006233
Test prc-auc = 0.5105171870803472
Fold 2
Test auc = 0.7291087125848448
Test prc-auc = 0.40989801639328827
Fold 3
Test auc = 0.7486764705882352
Test prc-auc = 0.5599123828544387
Fold 4
Test auc = 0.7988500193274062
Test prc-auc = 0.620556847148376
Fold 5
Test auc = 0.7089292616930808
Test prc-auc = 0.4500513274320958
Fold 6
Test auc = 0.7216047709406344
Test prc-auc = 0.3622749354981142
Fold 7
Test auc = 0.8015748852732583
Test prc-auc = 0.5096004625543141
Fold 8
Test auc = 0.7295771756978652
Test prc-auc = 0.5648294195240644
Fold 9
Test auc = 0.8175894120024249
Test prc-auc = 0.6092864379342215
10-fold cross validation
	Seed 0 ==> test auc = 0.774188
	Seed 0 ==> test prc-auc = 0.473298
	Seed 1 ==> test auc = 0.754197
	Seed 1 ==> test prc-auc = 0.510517
	Seed 2 ==> test auc = 0.729109
	Seed 2 ==> test prc-auc = 0.409898
	Seed 3 ==> test auc = 0.748676
	Seed 3 ==> test prc-auc = 0.559912
	Seed 4 ==> test auc = 0.798850
	Seed 4 ==> test prc-auc = 0.620557
	Seed 5 ==> test auc = 0.708929
	Seed 5 ==> test prc-auc = 0.450051
	Seed 6 ==> test auc = 0.721605
	Seed 6 ==> test prc-auc = 0.362275
	Seed 7 ==> test auc = 0.801575
	Seed 7 ==> test prc-auc = 0.509600
	Seed 8 ==> test auc = 0.729577
	Seed 8 ==> test prc-auc = 0.564829
	Seed 9 ==> test auc = 0.817589
	Seed 9 ==> test prc-auc = 0.609286
Overall test auc = 0.758430 +/- 0.035854
Overall test prc-auc = 0.507023 +/- 0.080171
