Fold 0
Model 0 best validation auc = 0.790087 on epoch 19
Model 0 provided with no test set, no metric evaluation will be performed.
Ensemble test auc = nan
Fold 1
Model 0 best validation auc = 0.798264 on epoch 24
Model 0 provided with no test set, no metric evaluation will be performed.
Ensemble test auc = nan
Fold 2
Model 0 best validation auc = 0.822255 on epoch 27
Model 0 provided with no test set, no metric evaluation will be performed.
Ensemble test auc = nan
Fold 3
Model 0 best validation auc = 0.819482 on epoch 18
Model 0 provided with no test set, no metric evaluation will be performed.
Ensemble test auc = nan
Fold 4
Model 0 best validation auc = 0.806243 on epoch 29
Model 0 provided with no test set, no metric evaluation will be performed.
Ensemble test auc = nan
Fold 5
Model 0 best validation auc = 0.817159 on epoch 20
Model 0 provided with no test set, no metric evaluation will be performed.
Ensemble test auc = nan
Fold 6
Model 0 best validation auc = 0.724447 on epoch 26
Model 0 provided with no test set, no metric evaluation will be performed.
Ensemble test auc = nan
Fold 7
Model 0 best validation auc = 0.742919 on epoch 20
Model 0 provided with no test set, no metric evaluation will be performed.
Ensemble test auc = nan
Fold 8
Model 0 best validation auc = 0.769044 on epoch 16
Model 0 provided with no test set, no metric evaluation will be performed.
Ensemble test auc = nan
Fold 9
Model 0 best validation auc = 0.740724 on epoch 24
Model 0 provided with no test set, no metric evaluation will be performed.
Ensemble test auc = nan
10-fold cross validation
	Seed 0 ==> test auc = nan
	Seed 1 ==> test auc = nan
	Seed 2 ==> test auc = nan
	Seed 3 ==> test auc = nan
	Seed 4 ==> test auc = nan
	Seed 5 ==> test auc = nan
	Seed 6 ==> test auc = nan
	Seed 7 ==> test auc = nan
	Seed 8 ==> test auc = nan
	Seed 9 ==> test auc = nan
Overall test auc = nan +/- nan
