Fold 0
Model 0 best validation auc = 0.763292 on epoch 10
Model 0 provided with no test set, no metric evaluation will be performed.
Ensemble test auc = nan
Fold 1
Model 0 best validation auc = 0.766901 on epoch 9
Model 0 provided with no test set, no metric evaluation will be performed.
Ensemble test auc = nan
Fold 2
Model 0 best validation auc = 0.827325 on epoch 11
Model 0 provided with no test set, no metric evaluation will be performed.
Ensemble test auc = nan
Fold 3
Model 0 best validation auc = 0.885285 on epoch 23
Model 0 provided with no test set, no metric evaluation will be performed.
Ensemble test auc = nan
Fold 4
Model 0 best validation auc = 0.799316 on epoch 18
Model 0 provided with no test set, no metric evaluation will be performed.
Ensemble test auc = nan
Fold 5
Model 0 best validation auc = 0.914336 on epoch 28
Model 0 provided with no test set, no metric evaluation will be performed.
Ensemble test auc = nan
Fold 6
Model 0 best validation auc = 0.851453 on epoch 29
Model 0 provided with no test set, no metric evaluation will be performed.
Ensemble test auc = nan
Fold 7
Model 0 best validation auc = 0.797288 on epoch 24
Model 0 provided with no test set, no metric evaluation will be performed.
Ensemble test auc = nan
Fold 8
Model 0 best validation auc = 0.771668 on epoch 28
Model 0 provided with no test set, no metric evaluation will be performed.
Ensemble test auc = nan
Fold 9
Model 0 best validation auc = 0.904690 on epoch 26
Model 0 provided with no test set, no metric evaluation will be performed.
Ensemble test auc = nan
10-fold cross validation
	Seed 0 ==> test auc = nan
	Seed 1 ==> test auc = nan
	Seed 2 ==> test auc = nan
	Seed 3 ==> test auc = nan
	Seed 4 ==> test auc = nan
	Seed 5 ==> test auc = nan
	Seed 6 ==> test auc = nan
	Seed 7 ==> test auc = nan
	Seed 8 ==> test auc = nan
	Seed 9 ==> test auc = nan
Overall test auc = nan +/- nan
Elapsed time = 0:11:48
