Fold 0
Model 0 best validation auc = 0.810707 on epoch 10
Model 0 provided with no test set, no metric evaluation will be performed.
Ensemble test auc = nan
Ensemble test prc-auc = nan
Fold 1
Model 0 best validation auc = 0.878017 on epoch 4
Model 0 provided with no test set, no metric evaluation will be performed.
Ensemble test auc = nan
Ensemble test prc-auc = nan
Fold 2
Model 0 best validation auc = 0.769706 on epoch 29
Model 0 provided with no test set, no metric evaluation will be performed.
Ensemble test auc = nan
Ensemble test prc-auc = nan
Fold 3
Model 0 best validation auc = 0.942077 on epoch 8
Model 0 provided with no test set, no metric evaluation will be performed.
Ensemble test auc = nan
Ensemble test prc-auc = nan
Fold 4
Model 0 best validation auc = 0.868927 on epoch 19
Model 0 provided with no test set, no metric evaluation will be performed.
Ensemble test auc = nan
Ensemble test prc-auc = nan
Fold 5
Model 0 best validation auc = 0.782775 on epoch 18
Model 0 provided with no test set, no metric evaluation will be performed.
Ensemble test auc = nan
Ensemble test prc-auc = nan
Fold 6
Model 0 best validation auc = 0.847403 on epoch 26
Model 0 provided with no test set, no metric evaluation will be performed.
Ensemble test auc = nan
Ensemble test prc-auc = nan
Fold 7
Model 0 best validation auc = 0.876320 on epoch 29
Model 0 provided with no test set, no metric evaluation will be performed.
Ensemble test auc = nan
Ensemble test prc-auc = nan
Fold 8
Model 0 best validation auc = 0.803529 on epoch 26
Model 0 provided with no test set, no metric evaluation will be performed.
Ensemble test auc = nan
Ensemble test prc-auc = nan
Fold 9
Model 0 best validation auc = 0.745252 on epoch 26
Model 0 provided with no test set, no metric evaluation will be performed.
Ensemble test auc = nan
Ensemble test prc-auc = nan
10-fold cross validation
	Seed 0 ==> test auc = nan
	Seed 0 ==> test prc-auc = nan
	Seed 1 ==> test auc = nan
	Seed 1 ==> test prc-auc = nan
	Seed 2 ==> test auc = nan
	Seed 2 ==> test prc-auc = nan
	Seed 3 ==> test auc = nan
	Seed 3 ==> test prc-auc = nan
	Seed 4 ==> test auc = nan
	Seed 4 ==> test prc-auc = nan
	Seed 5 ==> test auc = nan
	Seed 5 ==> test prc-auc = nan
	Seed 6 ==> test auc = nan
	Seed 6 ==> test prc-auc = nan
	Seed 7 ==> test auc = nan
	Seed 7 ==> test prc-auc = nan
	Seed 8 ==> test auc = nan
	Seed 8 ==> test prc-auc = nan
	Seed 9 ==> test auc = nan
	Seed 9 ==> test prc-auc = nan
Overall test auc = nan +/- nan
Overall test prc-auc = nan +/- nan
Elapsed time = 0:23:26
