Fold 0
Model 0 best validation auc = 0.838107 on epoch 27
Model 0 provided with no test set, no metric evaluation will be performed.
Ensemble test auc = nan
Fold 1
Model 0 best validation auc = 0.912910 on epoch 10
Model 0 provided with no test set, no metric evaluation will be performed.
Ensemble test auc = nan
Fold 2
Model 0 best validation auc = 0.723365 on epoch 24
Model 0 provided with no test set, no metric evaluation will be performed.
Ensemble test auc = nan
Fold 3
Model 0 best validation auc = 0.921068 on epoch 27
Model 0 provided with no test set, no metric evaluation will be performed.
Ensemble test auc = nan
Fold 4
Model 0 best validation auc = 0.947417 on epoch 27
Model 0 provided with no test set, no metric evaluation will be performed.
Ensemble test auc = nan
Fold 5
Model 0 best validation auc = 0.943154 on epoch 28
Model 0 provided with no test set, no metric evaluation will be performed.
Ensemble test auc = nan
Fold 6
Model 0 best validation auc = 0.876220 on epoch 16
Model 0 provided with no test set, no metric evaluation will be performed.
Ensemble test auc = nan
Fold 7
Model 0 best validation auc = 0.865530 on epoch 15
Model 0 provided with no test set, no metric evaluation will be performed.
Ensemble test auc = nan
Fold 8
Model 0 best validation auc = 0.836649 on epoch 15
Model 0 provided with no test set, no metric evaluation will be performed.
Ensemble test auc = nan
Fold 9
Model 0 best validation auc = 0.871528 on epoch 19
Model 0 provided with no test set, no metric evaluation will be performed.
Ensemble test auc = nan
10-fold cross validation
	Seed 0 ==> test auc = nan
	Seed 1 ==> test auc = nan
	Seed 2 ==> test auc = nan
	Seed 3 ==> test auc = nan
	Seed 4 ==> test auc = nan
	Seed 5 ==> test auc = nan
	Seed 6 ==> test auc = nan
	Seed 7 ==> test auc = nan
	Seed 8 ==> test auc = nan
	Seed 9 ==> test auc = nan
Overall test auc = nan +/- nan
Elapsed time = 0:11:51
