Fold 0
Test auc = 0.814696106362773
Test prc-auc = 0.3649559109437698
Fold 1
Test auc = 0.791280777049921
Test prc-auc = 0.47254480022447765
Fold 2
Test auc = 0.859671709044094
Test prc-auc = 0.5458283212785491
Fold 3
Test auc = 0.774335232668566
Test prc-auc = 0.3582824901050965
Fold 4
Test auc = 0.9047118847539016
Test prc-auc = 0.7047682132974146
Fold 5
Test auc = 0.8459039548022599
Test prc-auc = 0.48219116624931796
Fold 6
Test auc = 0.7892259414225942
Test prc-auc = 0.35546861541578434
Fold 7
Test auc = 0.8076839826839827
Test prc-auc = 0.5793406012095161
Fold 8
Test auc = 0.8973102061337356
Test prc-auc = 0.4544373385549497
Fold 9
Test auc = 0.8311874105865521
Test prc-auc = 0.5138187396075945
10-fold cross validation
	Seed 0 ==> test auc = 0.814696
	Seed 0 ==> test prc-auc = 0.364956
	Seed 1 ==> test auc = 0.791281
	Seed 1 ==> test prc-auc = 0.472545
	Seed 2 ==> test auc = 0.859672
	Seed 2 ==> test prc-auc = 0.545828
	Seed 3 ==> test auc = 0.774335
	Seed 3 ==> test prc-auc = 0.358282
	Seed 4 ==> test auc = 0.904712
	Seed 4 ==> test prc-auc = 0.704768
	Seed 5 ==> test auc = 0.845904
	Seed 5 ==> test prc-auc = 0.482191
	Seed 6 ==> test auc = 0.789226
	Seed 6 ==> test prc-auc = 0.355469
	Seed 7 ==> test auc = 0.807684
	Seed 7 ==> test prc-auc = 0.579341
	Seed 8 ==> test auc = 0.897310
	Seed 8 ==> test prc-auc = 0.454437
	Seed 9 ==> test auc = 0.831187
	Seed 9 ==> test prc-auc = 0.513819
Overall test auc = 0.831601 +/- 0.042678
Overall test prc-auc = 0.483164 +/- 0.104899
