Fold 0
Test auc = 0.8824757926713499
Test prc-auc = 0.6098008329288731
Fold 1
Test auc = 0.7572839506172839
Test prc-auc = 0.5224525459913674
Fold 2
Test auc = 0.7366071428571429
Test prc-auc = 0.3931370329459527
Fold 3
Test auc = 0.7980246913580246
Test prc-auc = 0.5466211646997212
Fold 4
Test auc = 0.8433183183183183
Test prc-auc = 0.6236620946293828
Fold 5
Test auc = 0.8805771786595785
Test prc-auc = 0.5320402807815182
Fold 6
Test auc = 0.8041592920353983
Test prc-auc = 0.6249744207998056
Fold 7
Test auc = 0.8747008547008548
Test prc-auc = 0.6283683545161219
Fold 8
Test auc = 0.7211474867724867
Test prc-auc = 0.43904232572444724
Fold 9
Test auc = 0.8634669151910531
Test prc-auc = 0.5812400680135805
10-fold cross validation
	Seed 0 ==> test auc = 0.882476
	Seed 0 ==> test prc-auc = 0.609801
	Seed 1 ==> test auc = 0.757284
	Seed 1 ==> test prc-auc = 0.522453
	Seed 2 ==> test auc = 0.736607
	Seed 2 ==> test prc-auc = 0.393137
	Seed 3 ==> test auc = 0.798025
	Seed 3 ==> test prc-auc = 0.546621
	Seed 4 ==> test auc = 0.843318
	Seed 4 ==> test prc-auc = 0.623662
	Seed 5 ==> test auc = 0.880577
	Seed 5 ==> test prc-auc = 0.532040
	Seed 6 ==> test auc = 0.804159
	Seed 6 ==> test prc-auc = 0.624974
	Seed 7 ==> test auc = 0.874701
	Seed 7 ==> test prc-auc = 0.628368
	Seed 8 ==> test auc = 0.721147
	Seed 8 ==> test prc-auc = 0.439042
	Seed 9 ==> test auc = 0.863467
	Seed 9 ==> test prc-auc = 0.581240
Overall test auc = 0.816176 +/- 0.058519
Overall test prc-auc = 0.550134 +/- 0.077299
